/opt/conda/envs/marionette/lib/python3.10/site-packages/lightning_fabric/__init__.py:29: UserWarning: pkg_resources is deprecated as an API. See https://setuptools.pypa.io/en/latest/pkg_resources.html. The pkg_resources package is slated for removal as early as 2025-11-30. Refrain from using this package or pin to Setuptools<81.
  __import__("pkg_resources").declare_namespace(__name__)
[GPU 2] Processing 1198 sequences (Range: 2396 -> 3594)
po_matrix shape: torch.Size([512, 9, 9]) sum0: 26.0
tau before cond_encoder: torch.Size([512, 17]) time: torch.Size([512, 17])
tau after  cond_encoder: torch.Size([512, 17]) time: torch.Size([512, 17])
[DEBUG][shape] time torch.Size([512, 17])
[DEBUG][shape] mask torch.Size([512, 17])
[DEBUG][shape] tau  torch.Size([512, 17])
[DEBUG][shape] cond1 torch.Size([512, 17])
[DEBUG][shape] unpadded_length torch.Size([512]) 16
[DEBUG][shape] content_token torch.Size([512, 35])
po_matrix shape: torch.Size([512, 9, 9]) sum0: 27.0
tau before cond_encoder: torch.Size([512, 13]) time: torch.Size([512, 13])
tau after  cond_encoder: torch.Size([512, 13]) time: torch.Size([512, 13])
[DEBUG][shape] time torch.Size([512, 13])
[DEBUG][shape] mask torch.Size([512, 13])
[DEBUG][shape] tau  torch.Size([512, 13])
[DEBUG][shape] cond1 torch.Size([512, 13])
[DEBUG][shape] unpadded_length torch.Size([512]) 12
[DEBUG][shape] content_token torch.Size([512, 27])
po_matrix shape: torch.Size([174, 9, 9]) sum0: 14.0
tau before cond_encoder: torch.Size([174, 15]) time: torch.Size([174, 15])
tau after  cond_encoder: torch.Size([174, 15]) time: torch.Size([174, 15])
[DEBUG][shape] time torch.Size([174, 15])
[DEBUG][shape] mask torch.Size([174, 15])
[DEBUG][shape] tau  torch.Size([174, 15])
[DEBUG][shape] cond1 torch.Size([174, 15])
[DEBUG][shape] unpadded_length torch.Size([174]) 14
[DEBUG][shape] content_token torch.Size([174, 31])

[Baseline2] Applying post-hoc swap to 1198 sequences...
[Baseline2 Post-hoc Swap] Summary:
  Total sequences: 1198
  Total constraints checked: 24489
  Violated before swap: 23347
  Violated after swap:  21605
  Reduction: 0.0746
  NOTE: Remaining violations are due to missing categories (category absent from generated sequence, cannot fix by reordering)
[Baseline2] Done. Summary: {'total_seqs': 1198, 'total_constraints_checked': 24489, 'total_violated_before': 23347, 'total_violated_after': 21605, 'reduction_ratio': 0.0746134406990191}
[GPU 2] Saved part file to ./data/Istanbul_PO1/Istanbul_PO1_ihfzzq9m_generated_part2.pkl
