/opt/conda/envs/marionette/lib/python3.10/site-packages/lightning_fabric/__init__.py:29: UserWarning: pkg_resources is deprecated as an API. See https://setuptools.pypa.io/en/latest/pkg_resources.html. The pkg_resources package is slated for removal as early as 2025-11-30. Refrain from using this package or pin to Setuptools<81.
  __import__("pkg_resources").declare_namespace(__name__)
[GPU 3] Processing 1195 sequences (Range: 3594 -> 4789)
po_matrix shape: torch.Size([512, 9, 9]) sum0: 26.0
tau before cond_encoder: torch.Size([512, 15]) time: torch.Size([512, 15])
tau after  cond_encoder: torch.Size([512, 15]) time: torch.Size([512, 15])
[DEBUG][shape] time torch.Size([512, 15])
[DEBUG][shape] mask torch.Size([512, 15])
[DEBUG][shape] tau  torch.Size([512, 15])
[DEBUG][shape] cond1 torch.Size([512, 15])
[DEBUG][shape] unpadded_length torch.Size([512]) 14
[DEBUG][shape] content_token torch.Size([512, 31])
po_matrix shape: torch.Size([512, 9, 9]) sum0: 20.0
tau before cond_encoder: torch.Size([512, 15]) time: torch.Size([512, 15])
tau after  cond_encoder: torch.Size([512, 15]) time: torch.Size([512, 15])
[DEBUG][shape] time torch.Size([512, 15])
[DEBUG][shape] mask torch.Size([512, 15])
[DEBUG][shape] tau  torch.Size([512, 15])
[DEBUG][shape] cond1 torch.Size([512, 15])
[DEBUG][shape] unpadded_length torch.Size([512]) 14
[DEBUG][shape] content_token torch.Size([512, 31])
po_matrix shape: torch.Size([171, 9, 9]) sum0: 18.0
tau before cond_encoder: torch.Size([171, 11]) time: torch.Size([171, 11])
tau after  cond_encoder: torch.Size([171, 11]) time: torch.Size([171, 11])
[DEBUG][shape] time torch.Size([171, 11])
[DEBUG][shape] mask torch.Size([171, 11])
[DEBUG][shape] tau  torch.Size([171, 11])
[DEBUG][shape] cond1 torch.Size([171, 11])
[DEBUG][shape] unpadded_length torch.Size([171]) 10
[DEBUG][shape] content_token torch.Size([171, 23])

[Baseline2] Applying post-hoc swap to 1195 sequences...
[Baseline2 Post-hoc Swap] Summary:
  Total sequences: 1195
  Total constraints checked: 24201
  Violated before swap: 23106
  Violated after swap:  21281
  Reduction: 0.0790
  NOTE: Remaining violations are due to missing categories (category absent from generated sequence, cannot fix by reordering)
[Baseline2] Done. Summary: {'total_seqs': 1195, 'total_constraints_checked': 24201, 'total_violated_before': 23106, 'total_violated_after': 21281, 'reduction_ratio': 0.07898381372803598}
[GPU 3] Saved part file to ./data/Istanbul_PO1/Istanbul_PO1_ihfzzq9m_generated_part3.pkl
