/opt/conda/envs/marionette/lib/python3.10/site-packages/lightning_fabric/__init__.py:29: UserWarning: pkg_resources is deprecated as an API. See https://setuptools.pypa.io/en/latest/pkg_resources.html. The pkg_resources package is slated for removal as early as 2025-11-30. Refrain from using this package or pin to Setuptools<81.
  __import__("pkg_resources").declare_namespace(__name__)
[Baseline3] Loading classifier from ./checkpoints/constraint_classifier_ihfzzq9m.pt
[Baseline3] Classifier loaded. guidance_scale=3.0, last_k=40, freq=4
[Baseline3] dd.p_sample replaced with guided_p_sample
[GPU 2] Processing 1198 sequences (Range: 2396 -> 3594)
po_matrix shape: torch.Size([512, 9, 9]) sum0: 26.0
tau before cond_encoder: torch.Size([512, 17]) time: torch.Size([512, 17])
tau after  cond_encoder: torch.Size([512, 17]) time: torch.Size([512, 17])
[Baseline3] First guidance applied at diffusion_index=36
[DEBUG][shape] time torch.Size([512, 17])
[DEBUG][shape] mask torch.Size([512, 17])
[DEBUG][shape] tau  torch.Size([512, 17])
[DEBUG][shape] cond1 torch.Size([512, 17])
[DEBUG][shape] unpadded_length torch.Size([512]) 16
[DEBUG][shape] content_token torch.Size([512, 35])
po_matrix shape: torch.Size([512, 9, 9]) sum0: 27.0
tau before cond_encoder: torch.Size([512, 14]) time: torch.Size([512, 14])
tau after  cond_encoder: torch.Size([512, 14]) time: torch.Size([512, 14])
[DEBUG][shape] time torch.Size([512, 14])
[DEBUG][shape] mask torch.Size([512, 14])
[DEBUG][shape] tau  torch.Size([512, 14])
[DEBUG][shape] cond1 torch.Size([512, 14])
[DEBUG][shape] unpadded_length torch.Size([512]) 13
[DEBUG][shape] content_token torch.Size([512, 29])
po_matrix shape: torch.Size([174, 9, 9]) sum0: 14.0
tau before cond_encoder: torch.Size([174, 12]) time: torch.Size([174, 12])
tau after  cond_encoder: torch.Size([174, 12]) time: torch.Size([174, 12])
[DEBUG][shape] time torch.Size([174, 12])
[DEBUG][shape] mask torch.Size([174, 12])
[DEBUG][shape] tau  torch.Size([174, 12])
[DEBUG][shape] cond1 torch.Size([174, 12])
[DEBUG][shape] unpadded_length torch.Size([174]) 11
[DEBUG][shape] content_token torch.Size([174, 25])
[GPU 2] Saved part file to ./data/Istanbul_PO1/Istanbul_PO1_ihfzzq9m_generated_part2.pkl
