/opt/conda/envs/marionette/lib/python3.10/site-packages/lightning_fabric/__init__.py:29: UserWarning: pkg_resources is deprecated as an API. See https://setuptools.pypa.io/en/latest/pkg_resources.html. The pkg_resources package is slated for removal as early as 2025-11-30. Refrain from using this package or pin to Setuptools<81.
  __import__("pkg_resources").declare_namespace(__name__)
[GPU 1] Processing 1198 sequences (Range: 1198 -> 2396)
po_matrix shape: torch.Size([512, 9, 9]) sum0: 14.0
tau before cond_encoder: torch.Size([512, 17]) time: torch.Size([512, 17])
tau after  cond_encoder: torch.Size([512, 17]) time: torch.Size([512, 17])
[DEBUG][shape] time torch.Size([512, 17])
[DEBUG][shape] mask torch.Size([512, 17])
[DEBUG][shape] tau  torch.Size([512, 17])
[DEBUG][shape] cond1 torch.Size([512, 17])
[DEBUG][shape] unpadded_length torch.Size([512]) 16
[DEBUG][shape] content_token torch.Size([512, 35])
po_matrix shape: torch.Size([512, 9, 9]) sum0: 14.0
tau before cond_encoder: torch.Size([512, 15]) time: torch.Size([512, 15])
tau after  cond_encoder: torch.Size([512, 15]) time: torch.Size([512, 15])
[DEBUG][shape] time torch.Size([512, 15])
[DEBUG][shape] mask torch.Size([512, 15])
[DEBUG][shape] tau  torch.Size([512, 15])
[DEBUG][shape] cond1 torch.Size([512, 15])
[DEBUG][shape] unpadded_length torch.Size([512]) 14
[DEBUG][shape] content_token torch.Size([512, 31])
po_matrix shape: torch.Size([174, 9, 9]) sum0: 24.0
tau before cond_encoder: torch.Size([174, 12]) time: torch.Size([174, 12])
tau after  cond_encoder: torch.Size([174, 12]) time: torch.Size([174, 12])
[DEBUG][shape] time torch.Size([174, 12])
[DEBUG][shape] mask torch.Size([174, 12])
[DEBUG][shape] tau  torch.Size([174, 12])
[DEBUG][shape] cond1 torch.Size([174, 12])
[DEBUG][shape] unpadded_length torch.Size([174]) 11
[DEBUG][shape] content_token torch.Size([174, 25])
[GPU 1] Saved part file to ./data/Istanbul_PO1/Istanbul_PO1_54h4q2d7_generated_part1.pkl
