/opt/conda/envs/marionette/lib/python3.10/site-packages/lightning_fabric/__init__.py:29: UserWarning: pkg_resources is deprecated as an API. See https://setuptools.pypa.io/en/latest/pkg_resources.html. The pkg_resources package is slated for removal as early as 2025-11-30. Refrain from using this package or pin to Setuptools<81.
  __import__("pkg_resources").declare_namespace(__name__)
[GPU 1] Processing 1198 sequences (Range: 1198 -> 2396)
po_matrix shape: torch.Size([512, 9, 9]) sum0: 14.0
tau before cond_encoder: torch.Size([512, 13]) time: torch.Size([512, 13])
tau after  cond_encoder: torch.Size([512, 13]) time: torch.Size([512, 13])
[DEBUG][shape] time torch.Size([512, 13])
[DEBUG][shape] mask torch.Size([512, 13])
[DEBUG][shape] tau  torch.Size([512, 13])
[DEBUG][shape] cond1 torch.Size([512, 13])
[DEBUG][shape] unpadded_length torch.Size([512]) 12
[DEBUG][shape] content_token torch.Size([512, 27])
po_matrix shape: torch.Size([512, 9, 9]) sum0: 14.0
tau before cond_encoder: torch.Size([512, 13]) time: torch.Size([512, 13])
tau after  cond_encoder: torch.Size([512, 13]) time: torch.Size([512, 13])
[DEBUG][shape] time torch.Size([512, 13])
[DEBUG][shape] mask torch.Size([512, 13])
[DEBUG][shape] tau  torch.Size([512, 13])
[DEBUG][shape] cond1 torch.Size([512, 13])
[DEBUG][shape] unpadded_length torch.Size([512]) 12
[DEBUG][shape] content_token torch.Size([512, 27])
po_matrix shape: torch.Size([174, 9, 9]) sum0: 24.0
tau before cond_encoder: torch.Size([174, 14]) time: torch.Size([174, 14])
tau after  cond_encoder: torch.Size([174, 14]) time: torch.Size([174, 14])
[DEBUG][shape] time torch.Size([174, 14])
[DEBUG][shape] mask torch.Size([174, 14])
[DEBUG][shape] tau  torch.Size([174, 14])
[DEBUG][shape] cond1 torch.Size([174, 14])
[DEBUG][shape] unpadded_length torch.Size([174]) 13
[DEBUG][shape] content_token torch.Size([174, 29])

[Baseline2] Applying post-hoc swap to 1198 sequences...
[Baseline2 Post-hoc Swap] Summary:
  Total sequences: 1198
  Total constraints checked: 24347
  Violated before swap: 23280
  Violated after swap:  21536
  Reduction: 0.0749
  NOTE: Remaining violations are due to missing categories (category absent from generated sequence, cannot fix by reordering)
[Baseline2] Done. Summary: {'total_seqs': 1198, 'total_constraints_checked': 24347, 'total_violated_before': 23280, 'total_violated_after': 21536, 'reduction_ratio': 0.074914089347079}
[GPU 1] Saved part file to ./data/Istanbul_PO1/Istanbul_PO1_ihfzzq9m_generated_part1.pkl
